2011-05-16 01:07:41,272 [10] INFO  - checking mappings queue
2011-05-16 01:07:41,287 [10] INFO  - processing one-to-many association mappings
2011-05-16 01:07:41,288 [10] INFO  - processing one-to-one association property references
2011-05-16 01:07:41,289 [10] INFO  - processing foreign key constraints
2011-05-16 01:07:41,293 [10] DEBUG - resolving reference to class: Charltone.Domain.InstrumentType
2011-05-16 01:07:41,297 [10] DEBUG - resolving reference to class: Charltone.Domain.Classification
2011-05-16 01:07:41,298 [10] DEBUG - resolving reference to class: Charltone.Domain.SubClassification
2011-05-16 01:07:41,298 [10] DEBUG - resolving reference to class: Charltone.Domain.ItemStatus
2011-05-16 01:07:41,303 [10] DEBUG - resolving reference to class: Charltone.Domain.Instrument
2011-05-16 01:07:41,305 [10] INFO  - processing filters (second pass)
2011-05-16 01:09:03,282 [10] INFO  - checking mappings queue
2011-05-16 01:09:13,484 [10] WARN  - System.Data.SqlClient.SqlException (0x80131904): Invalid column name 'ItemStatus'.
   at System.Data.SqlClient.SqlConnection.OnError(SqlException exception, Boolean breakConnection)
   at System.Data.SqlClient.SqlInternalConnection.OnError(SqlException exception, Boolean breakConnection)
   at System.Data.SqlClient.TdsParser.ThrowExceptionAndWarning()
   at System.Data.SqlClient.TdsParser.Run(RunBehavior runBehavior, SqlCommand cmdHandler, SqlDataReader dataStream, BulkCopySimpleResultSet bulkCopyHandler, TdsParserStateObject stateObj)
   at System.Data.SqlClient.SqlDataReader.ConsumeMetaData()
   at System.Data.SqlClient.SqlDataReader.get_MetaData()
   at System.Data.SqlClient.SqlCommand.FinishExecuteReader(SqlDataReader ds, RunBehavior runBehavior, String resetOptionsString)
   at System.Data.SqlClient.SqlCommand.RunExecuteReaderTds(CommandBehavior cmdBehavior, RunBehavior runBehavior, Boolean returnStream, Boolean async)
   at System.Data.SqlClient.SqlCommand.RunExecuteReader(CommandBehavior cmdBehavior, RunBehavior runBehavior, Boolean returnStream, String method, DbAsyncResult result)
   at System.Data.SqlClient.SqlCommand.RunExecuteReader(CommandBehavior cmdBehavior, RunBehavior runBehavior, Boolean returnStream, String method)
   at System.Data.SqlClient.SqlCommand.ExecuteReader(CommandBehavior behavior, String method)
   at System.Data.SqlClient.SqlCommand.ExecuteDbDataReader(CommandBehavior behavior)
   at System.Data.Common.DbCommand.System.Data.IDbCommand.ExecuteReader()
   at NHibernate.AdoNet.AbstractBatcher.ExecuteReader(IDbCommand cmd) in d:\CSharp\NH\nhibernate\src\NHibernate\AdoNet\AbstractBatcher.cs:line 247
   at NHibernate.Loader.Loader.GetResultSet(IDbCommand st, Boolean autoDiscoverTypes, Boolean callable, RowSelection selection, ISessionImplementor session) in d:\CSharp\NH\nhibernate\src\NHibernate\Loader\Loader.cs:line 1313
2011-05-16 01:09:13,500 [10] ERROR - Invalid column name 'ItemStatus'.
2011-05-16 01:09:13,583 [10] WARN  - System.Data.SqlClient.SqlException (0x80131904): Invalid column name 'ItemStatus'.
   at System.Data.SqlClient.SqlConnection.OnError(SqlException exception, Boolean breakConnection)
   at System.Data.SqlClient.SqlInternalConnection.OnError(SqlException exception, Boolean breakConnection)
   at System.Data.SqlClient.TdsParser.ThrowExceptionAndWarning()
   at System.Data.SqlClient.TdsParser.Run(RunBehavior runBehavior, SqlCommand cmdHandler, SqlDataReader dataStream, BulkCopySimpleResultSet bulkCopyHandler, TdsParserStateObject stateObj)
   at System.Data.SqlClient.SqlDataReader.ConsumeMetaData()
   at System.Data.SqlClient.SqlDataReader.get_MetaData()
   at System.Data.SqlClient.SqlCommand.FinishExecuteReader(SqlDataReader ds, RunBehavior runBehavior, String resetOptionsString)
   at System.Data.SqlClient.SqlCommand.RunExecuteReaderTds(CommandBehavior cmdBehavior, RunBehavior runBehavior, Boolean returnStream, Boolean async)
   at System.Data.SqlClient.SqlCommand.RunExecuteReader(CommandBehavior cmdBehavior, RunBehavior runBehavior, Boolean returnStream, String method, DbAsyncResult result)
   at System.Data.SqlClient.SqlCommand.RunExecuteReader(CommandBehavior cmdBehavior, RunBehavior runBehavior, Boolean returnStream, String method)
   at System.Data.SqlClient.SqlCommand.ExecuteReader(CommandBehavior behavior, String method)
   at System.Data.SqlClient.SqlCommand.ExecuteDbDataReader(CommandBehavior behavior)
   at System.Data.Common.DbCommand.System.Data.IDbCommand.ExecuteReader()
   at NHibernate.AdoNet.AbstractBatcher.ExecuteReader(IDbCommand cmd) in d:\CSharp\NH\nhibernate\src\NHibernate\AdoNet\AbstractBatcher.cs:line 247
   at NHibernate.Loader.Loader.GetResultSet(IDbCommand st, Boolean autoDiscoverTypes, Boolean callable, RowSelection selection, ISessionImplementor session) in d:\CSharp\NH\nhibernate\src\NHibernate\Loader\Loader.cs:line 1337
   at NHibernate.Loader.Loader.DoQuery(ISessionImplementor session, QueryParameters queryParameters, Boolean returnProxies) in d:\CSharp\NH\nhibernate\src\NHibernate\Loader\Loader.cs:line 401
   at NHibernate.Loader.Loader.DoQueryAndInitializeNonLazyCollections(ISessionImplementor session, QueryParameters queryParameters, Boolean returnProxies) in d:\CSharp\NH\nhibernate\src\NHibernate\Loader\Loader.cs:line 236
   at NHibernate.Loader.Loader.DoList(ISessionImplementor session, QueryParameters queryParameters) in d:\CSharp\NH\nhibernate\src\NHibernate\Loader\Loader.cs:line 1665
2011-05-16 01:09:13,592 [10] ERROR - Invalid column name 'ItemStatus'.
2011-05-16 01:09:13,601 [10] WARN  - System.Data.SqlClient.SqlException (0x80131904): Invalid column name 'ItemStatus'.
   at System.Data.SqlClient.SqlConnection.OnError(SqlException exception, Boolean breakConnection)
   at System.Data.SqlClient.SqlInternalConnection.OnError(SqlException exception, Boolean breakConnection)
   at System.Data.SqlClient.TdsParser.ThrowExceptionAndWarning()
   at System.Data.SqlClient.TdsParser.Run(RunBehavior runBehavior, SqlCommand cmdHandler, SqlDataReader dataStream, BulkCopySimpleResultSet bulkCopyHandler, TdsParserStateObject stateObj)
   at System.Data.SqlClient.SqlDataReader.ConsumeMetaData()
   at System.Data.SqlClient.SqlDataReader.get_MetaData()
   at System.Data.SqlClient.SqlCommand.FinishExecuteReader(SqlDataReader ds, RunBehavior runBehavior, String resetOptionsString)
   at System.Data.SqlClient.SqlCommand.RunExecuteReaderTds(CommandBehavior cmdBehavior, RunBehavior runBehavior, Boolean returnStream, Boolean async)
   at System.Data.SqlClient.SqlCommand.RunExecuteReader(CommandBehavior cmdBehavior, RunBehavior runBehavior, Boolean returnStream, String method, DbAsyncResult result)
   at System.Data.SqlClient.SqlCommand.RunExecuteReader(CommandBehavior cmdBehavior, RunBehavior runBehavior, Boolean returnStream, String method)
   at System.Data.SqlClient.SqlCommand.ExecuteReader(CommandBehavior behavior, String method)
   at System.Data.SqlClient.SqlCommand.ExecuteDbDataReader(CommandBehavior behavior)
   at System.Data.Common.DbCommand.System.Data.IDbCommand.ExecuteReader()
   at NHibernate.AdoNet.AbstractBatcher.ExecuteReader(IDbCommand cmd) in d:\CSharp\NH\nhibernate\src\NHibernate\AdoNet\AbstractBatcher.cs:line 247
   at NHibernate.Loader.Loader.GetResultSet(IDbCommand st, Boolean autoDiscoverTypes, Boolean callable, RowSelection selection, ISessionImplementor session) in d:\CSharp\NH\nhibernate\src\NHibernate\Loader\Loader.cs:line 1337
   at NHibernate.Loader.Loader.DoQuery(ISessionImplementor session, QueryParameters queryParameters, Boolean returnProxies) in d:\CSharp\NH\nhibernate\src\NHibernate\Loader\Loader.cs:line 401
   at NHibernate.Loader.Loader.DoQueryAndInitializeNonLazyCollections(ISessionImplementor session, QueryParameters queryParameters, Boolean returnProxies) in d:\CSharp\NH\nhibernate\src\NHibernate\Loader\Loader.cs:line 236
   at NHibernate.Loader.Loader.DoList(ISessionImplementor session, QueryParameters queryParameters) in d:\CSharp\NH\nhibernate\src\NHibernate\Loader\Loader.cs:line 1665
2011-05-16 01:09:13,627 [10] ERROR - Invalid column name 'ItemStatus'.
2011-05-16 01:10:15,589 [12] INFO  - Closing
2011-05-16 01:10:15,596 [12] DEBUG - Disposing of ConnectionProvider.
2011-05-16 01:11:50,337 [9] INFO  - Closing
2011-05-16 01:11:50,356 [9] DEBUG - Disposing of ConnectionProvider.
2011-05-16 01:12:50,319 [4] INFO  - checking mappings queue
2011-05-16 01:16:37,030 [12] INFO  - Closing
2011-05-16 01:16:37,039 [12] DEBUG - Disposing of ConnectionProvider.
2011-05-16 01:16:49,213 [4] INFO  - checking mappings queue
2011-05-16 12:15:30,009 [10] INFO  - Closing
2011-05-16 12:15:30,093 [10] DEBUG - Disposing of ConnectionProvider.
2011-05-16 12:18:00,467 [12] INFO  - Closing
2011-05-16 12:18:00,483 [12] DEBUG - Disposing of ConnectionProvider.
2011-05-16 12:18:13,140 [12] INFO  - checking mappings queue
2011-05-16 12:21:58,808 [10] INFO  - Closing
2011-05-16 12:21:58,815 [10] DEBUG - Disposing of ConnectionProvider.
2011-05-16 12:25:05,140 [14] INFO  - Closing
2011-05-16 12:25:05,188 [14] DEBUG - Disposing of ConnectionProvider.
2011-05-16 12:25:17,369 [13] INFO  - checking mappings queue
2011-05-16 12:27:01,344 [13] INFO  - Closing
2011-05-16 12:27:01,375 [13] DEBUG - Disposing of ConnectionProvider.
2011-05-16 12:27:14,056 [13] INFO  - checking mappings queue
2011-05-16 12:27:14,071 [13] INFO  - processing one-to-many association mappings
2011-05-16 12:32:28,370 [8] INFO  - Closing
2011-05-16 12:32:28,381 [8] DEBUG - Disposing of ConnectionProvider.
2011-05-16 12:32:42,745 [8] INFO  - checking mappings queue
2011-05-16 12:32:42,759 [8] INFO  - processing one-to-many association mappings
2011-05-16 12:32:42,763 [8] INFO  - processing one-to-one association property references
2011-05-16 12:32:42,769 [8] INFO  - processing foreign key constraints
2011-05-16 12:32:42,776 [8] DEBUG - resolving reference to class: Charltone.Domain.InstrumentType
2011-05-16 12:35:49,756 [11] INFO  - Closing
2011-05-16 12:35:49,763 [11] DEBUG - Disposing of ConnectionProvider.
2011-05-16 12:36:01,620 [8] INFO  - checking mappings queue
2011-05-16 12:43:03,483 [4] INFO  - Closing
2011-05-16 12:43:03,488 [4] DEBUG - Disposing of ConnectionProvider.
2011-05-16 12:58:13,208 [14] INFO  - Closing
2011-05-16 12:58:13,218 [14] DEBUG - Disposing of ConnectionProvider.
2011-05-16 13:23:26,993 [4] INFO  - Closing
2011-05-16 13:23:27,006 [4] DEBUG - Disposing of ConnectionProvider.
2011-05-16 13:30:36,197 [10] INFO  - Closing
2011-05-16 13:30:36,305 [10] DEBUG - Disposing of ConnectionProvider.
2011-05-16 13:48:25,958 [19] INFO  - Closing
2011-05-16 13:48:25,970 [19] DEBUG - Disposing of ConnectionProvider.
2011-05-16 13:48:38,382 [25] INFO  - checking mappings queue
2011-05-16 13:48:38,398 [25] INFO  - processing one-to-many association mappings
2011-05-16 14:16:09,242 [15] INFO  - Closing
2011-05-16 14:16:09,248 [15] DEBUG - Disposing of ConnectionProvider.
2011-05-16 14:18:59,044 [21] INFO  - Closing
2011-05-16 14:18:59,059 [21] DEBUG - Disposing of ConnectionProvider.
2011-05-16 14:20:17,691 [24] INFO  - Closing
2011-05-16 14:20:17,731 [24] DEBUG - Disposing of ConnectionProvider.
2011-05-16 14:22:15,946 [21] INFO  - Closing
2011-05-16 14:22:15,958 [21] DEBUG - Disposing of ConnectionProvider.
2011-05-16 14:33:49,459 [15] INFO  - Closing
2011-05-16 14:33:49,473 [15] DEBUG - Disposing of ConnectionProvider.
2011-05-16 15:19:10,669 [16] INFO  - Closing
2011-05-16 15:19:10,699 [16] DEBUG - Disposing of ConnectionProvider.
2011-05-16 15:21:13,624 [19] INFO  - checking mappings queue
2011-05-16 15:21:25,282 [22] INFO  - Closing
2011-05-16 15:21:25,284 [22] DEBUG - Disposing of ConnectionProvider.
2011-05-16 15:28:59,496 [12] INFO  - Closing
2011-05-16 15:28:59,507 [12] DEBUG - Disposing of ConnectionProvider.
2011-05-16 15:31:15,198 [9] INFO  - Closing
2011-05-16 15:31:15,209 [9] DEBUG - Disposing of ConnectionProvider.
2011-05-16 15:32:24,926 [17] ERROR - query did not return a unique result: 2
2011-05-16 15:34:00,957 [10] ERROR - query did not return a unique result: 2
2011-05-16 15:34:32,332 [19] INFO  - Closing
2011-05-16 15:34:32,369 [19] DEBUG - Disposing of ConnectionProvider.
2011-05-16 15:35:55,833 [13] ERROR - query did not return a unique result: 2
2011-05-16 15:36:53,641 [16] ERROR - query did not return a unique result: 2
2011-05-16 15:38:25,515 [16] INFO  - Closing
2011-05-16 15:38:25,523 [16] DEBUG - Disposing of ConnectionProvider.
2011-05-16 15:40:24,201 [13] INFO  - Closing
2011-05-16 15:40:24,211 [13] DEBUG - Disposing of ConnectionProvider.
2011-05-16 15:44:03,618 [16] ERROR - query did not return a unique result: 2
2011-05-16 15:45:25,929 [8] INFO  - Closing
2011-05-16 15:45:25,934 [8] DEBUG - Disposing of ConnectionProvider.
2011-05-16 15:45:37,568 [11] INFO  - checking mappings queue
2011-05-16 15:45:37,585 [11] INFO  - processing one-to-many association mappings
2011-05-16 15:46:21,439 [11] INFO  - Closing
2011-05-16 15:46:21,444 [11] DEBUG - Disposing of ConnectionProvider.
2011-05-16 15:48:32,610 [15] INFO  - Closing
2011-05-16 15:48:32,622 [15] DEBUG - Disposing of ConnectionProvider.
2011-05-16 15:49:59,291 [16] INFO  - Closing
2011-05-16 15:49:59,331 [16] DEBUG - Disposing of ConnectionProvider.
2011-05-16 15:52:33,313 [15] INFO  - Closing
2011-05-16 15:52:33,378 [15] DEBUG - Disposing of ConnectionProvider.
2011-05-16 16:08:40,889 [12] INFO  - Closing
2011-05-16 16:08:40,904 [12] DEBUG - Disposing of ConnectionProvider.
2011-05-16 16:08:53,766 [12] INFO  - checking mappings queue
2011-05-16 16:08:53,783 [12] INFO  - processing one-to-many association mappings
2011-05-16 16:08:53,791 [12] INFO  - processing one-to-one association property references
2011-05-16 16:08:53,794 [12] INFO  - processing foreign key constraints
2011-05-16 16:15:49,420 [4] INFO  - Closing
2011-05-16 16:15:49,425 [4] DEBUG - Disposing of ConnectionProvider.
2011-05-16 16:24:45,598 [21] INFO  - Closing
2011-05-16 16:24:45,609 [21] DEBUG - Disposing of ConnectionProvider.
2011-05-16 16:29:54,085 [14] INFO  - Closing
2011-05-16 16:29:54,153 [14] DEBUG - Disposing of ConnectionProvider.
2011-05-16 16:30:17,223 [18] WARN  - System.Runtime.InteropServices.SEHException (0x80004005): External component has thrown an exception.
   at SNINativeMethodWrapper.SNIClose(IntPtr pConn)
   at System.Data.SqlClient.SNIHandle.ReleaseHandle()
   at System.Runtime.InteropServices.SafeHandle.InternalDispose()
   at System.Runtime.InteropServices.SafeHandle.Dispose(Boolean disposing)
   at System.Runtime.InteropServices.SafeHandle.Dispose()
   at System.Data.SqlClient.TdsParserStateObject.Dispose()
   at System.Data.SqlClient.TdsParser.Disconnect()
   at System.Data.SqlClient.SqlInternalConnectionTds.Dispose()
   at System.Data.ProviderBase.DbConnectionPool.DestroyObject(DbConnectionInternal obj)
   at System.Data.ProviderBase.DbConnectionPool.DeactivateObject(DbConnectionInternal obj)
   at System.Data.ProviderBase.DbConnectionPool.PutObject(DbConnectionInternal obj, Object owningObject)
   at System.Data.ProviderBase.DbConnectionInternal.CloseConnection(DbConnection owningObject, DbConnectionFactory connectionFactory)
   at System.Data.SqlClient.SqlInternalConnection.CloseConnection(DbConnection owningObject, DbConnectionFactory connectionFactory)
   at System.Data.SqlClient.SqlConnection.Close()
   at System.Data.SqlClient.SqlConnection.OnError(SqlException exception, Boolean breakConnection)
   at System.Data.SqlClient.SqlInternalConnection.OnError(SqlException exception, Boolean breakConnection)
   at System.Data.SqlClient.TdsParser.ThrowExceptionAndWarning()
   at System.Data.SqlClient.TdsParserStateObject.WriteSni()
   at System.Data.SqlClient.TdsParserStateObject.WritePacket(Byte flushMode)
   at System.Data.SqlClient.TdsParserStateObject.ExecuteFlush()
   at System.Data.SqlClient.TdsParser.TdsExecuteRPC(_SqlRPC[] rpcArray, Int32 timeout, Boolean inSchema, SqlNotificationRequest notificationRequest, TdsParserStateObject stateObj, Boolean isCommandProc)
   at System.Data.SqlClient.SqlCommand.RunExecuteReaderTds(CommandBehavior cmdBehavior, RunBehavior runBehavior, Boolean returnStream, Boolean async)
   at System.Data.SqlClient.SqlCommand.RunExecuteReader(CommandBehavior cmdBehavior, RunBehavior runBehavior, Boolean returnStream, String method, DbAsyncResult result)
   at System.Data.SqlClient.SqlCommand.RunExecuteReader(CommandBehavior cmdBehavior, RunBehavior runBehavior, Boolean returnStream, String method)
   at System.Data.SqlClient.SqlCommand.ExecuteReader(CommandBehavior behavior, String method)
   at System.Data.SqlClient.SqlCommand.ExecuteDbDataReader(CommandBehavior behavior)
   at System.Data.Common.DbCommand.System.Data.IDbCommand.ExecuteReader()
   at NHibernate.AdoNet.AbstractBatcher.ExecuteReader(IDbCommand cmd) in d:\CSharp\NH\nhibernate\src\NHibernate\AdoNet\AbstractBatcher.cs:line 247
   at NHibernate.Loader.Loader.GetResultSet(IDbCommand st, Boolean autoDiscoverTypes, Boolean callable, RowSelection selection, ISessionImplementor session) in d:\CSharp\NH\nhibernate\src\NHibernate\Loader\Loader.cs:line 1313
2011-05-16 16:30:17,273 [18] ERROR - External component has thrown an exception.
2011-05-16 16:30:17,391 [18] WARN  - System.Runtime.InteropServices.SEHException (0x80004005): External component has thrown an exception.
   at SNINativeMethodWrapper.SNIClose(IntPtr pConn)
   at System.Data.SqlClient.SNIHandle.ReleaseHandle()
   at System.Runtime.InteropServices.SafeHandle.InternalDispose()
   at System.Runtime.InteropServices.SafeHandle.Dispose(Boolean disposing)
   at System.Runtime.InteropServices.SafeHandle.Dispose()
   at System.Data.SqlClient.TdsParserStateObject.Dispose()
   at System.Data.SqlClient.TdsParser.Disconnect()
   at System.Data.SqlClient.SqlInternalConnectionTds.Dispose()
   at System.Data.ProviderBase.DbConnectionPool.DestroyObject(DbConnectionInternal obj)
   at System.Data.ProviderBase.DbConnectionPool.DeactivateObject(DbConnectionInternal obj)
   at System.Data.ProviderBase.DbConnectionPool.PutObject(DbConnectionInternal obj, Object owningObject)
   at System.Data.ProviderBase.DbConnectionInternal.CloseConnection(DbConnection owningObject, DbConnectionFactory connectionFactory)
   at System.Data.SqlClient.SqlInternalConnection.CloseConnection(DbConnection owningObject, DbConnectionFactory connectionFactory)
   at System.Data.SqlClient.SqlConnection.Close()
   at System.Data.SqlClient.SqlConnection.OnError(SqlException exception, Boolean breakConnection)
   at System.Data.SqlClient.SqlInternalConnection.OnError(SqlException exception, Boolean breakConnection)
   at System.Data.SqlClient.TdsParser.ThrowExceptionAndWarning()
   at System.Data.SqlClient.TdsParserStateObject.WriteSni()
   at System.Data.SqlClient.TdsParserStateObject.WritePacket(Byte flushMode)
   at System.Data.SqlClient.TdsParserStateObject.ExecuteFlush()
   at System.Data.SqlClient.TdsParser.TdsExecuteRPC(_SqlRPC[] rpcArray, Int32 timeout, Boolean inSchema, SqlNotificationRequest notificationRequest, TdsParserStateObject stateObj, Boolean isCommandProc)
   at System.Data.SqlClient.SqlCommand.RunExecuteReaderTds(CommandBehavior cmdBehavior, RunBehavior runBehavior, Boolean returnStream, Boolean async)
   at System.Data.SqlClient.SqlCommand.RunExecuteReader(CommandBehavior cmdBehavior, RunBehavior runBehavior, Boolean returnStream, String method, DbAsyncResult result)
   at System.Data.SqlClient.SqlCommand.RunExecuteReader(CommandBehavior cmdBehavior, RunBehavior runBehavior, Boolean returnStream, String method)
   at System.Data.SqlClient.SqlCommand.ExecuteReader(CommandBehavior behavior, String method)
   at System.Data.SqlClient.SqlCommand.ExecuteDbDataReader(CommandBehavior behavior)
   at System.Data.Common.DbCommand.System.Data.IDbCommand.ExecuteReader()
   at NHibernate.AdoNet.AbstractBatcher.ExecuteReader(IDbCommand cmd) in d:\CSharp\NH\nhibernate\src\NHibernate\AdoNet\AbstractBatcher.cs:line 247
   at NHibernate.Loader.Loader.GetResultSet(IDbCommand st, Boolean autoDiscoverTypes, Boolean callable, RowSelection selection, ISessionImplementor session) in d:\CSharp\NH\nhibernate\src\NHibernate\Loader\Loader.cs:line 1337
   at NHibernate.Loader.Loader.DoQuery(ISessionImplementor session, QueryParameters queryParameters, Boolean returnProxies) in d:\CSharp\NH\nhibernate\src\NHibernate\Loader\Loader.cs:line 401
   at NHibernate.Loader.Loader.DoQueryAndInitializeNonLazyCollections(ISessionImplementor session, QueryParameters queryParameters, Boolean returnProxies) in d:\CSharp\NH\nhibernate\src\NHibernate\Loader\Loader.cs:line 236
   at NHibernate.Loader.Loader.LoadEntity(ISessionImplementor session, Object id, IType identifierType, Object optionalObject, String optionalEntityName, Object optionalIdentifier, IEntityPersister persister) in d:\CSharp\NH\nhibernate\src\NHibernate\Loader\Loader.cs:line 1392
2011-05-16 16:30:17,395 [18] ERROR - External component has thrown an exception.
2011-05-16 16:32:56,949 [13] INFO  - Closing
2011-05-16 16:32:56,955 [13] DEBUG - Disposing of ConnectionProvider.
2011-05-16 16:33:35,264 [13] INFO  - Closing
2011-05-16 16:33:35,275 [13] DEBUG - Disposing of ConnectionProvider.
2011-05-16 16:58:12,234 [15] INFO  - Closing
2011-05-16 16:58:12,246 [15] DEBUG - Disposing of ConnectionProvider.
